<?xml version="1.0" encoding="UTF-8"?>
<!-- Generated by org.testng.reporters.JUnitReportReporter -->
<testsuite hostname="DESKTOP-V5F1GLP" failures="0" tests="1" name="TestScript.Login_test" time="6.905" errors="0" timestamp="2025-09-16T10:27:58 IST" skipped="0">
  <testcase classname="TestScript.Login_test" name="Test1" time="6.905"/>
  <system-out/>
</testsuite> <!-- TestScript.Login_test -->
